#
# A fatal error has been detected by the Java Runtime Environment:
#
#  EXCEPTION_ACCESS_VIOLATION (0xc0000005) at pc=0x00007ff8abffc75d, pid=6648, tid=11772
#
# JRE version: OpenJDK Runtime Environment GraalVM CE 17.0.9+9.1 (17.0.9+9) (build 17.0.9+9-jvmci-23.0-b22)
# Java VM: OpenJDK 64-Bit Server VM GraalVM CE 17.0.9+9.1 (17.0.9+9-jvmci-23.0-b22, mixed mode, sharing, tiered, jvmci, jvmci compiler, compressed oops, compressed class ptrs, g1 gc, windows-amd64)
# Problematic frame:
# C  [lwjgl_opengl.dll+0xc75d]
#
# No core dump will be written. Minidumps are not enabled by default on client versions of Windows
#
# If you would like to submit a bug report, please visit:
#   https://github.com/oracle/graal/issues
# The crash happened outside the Java Virtual Machine in native code.
# See problematic frame for where to report the bug.
#

---------------  S U M M A R Y ------------

Command Line: -XX:ThreadPriorityPolicy=1 -XX:+UnlockExperimentalVMOptions -XX:+EnableJVMCIProduct -XX:-UnlockExperimentalVMOptions -Dfile.encoding=UTF-8 -Duser.country=ES -Duser.language=es -Duser.variant esp.AppLauncher

Host: 11th Gen Intel(R) Core(TM) i5-1135G7 @ 2.40GHz, 8 cores, 15G,  Windows 10 , 64 bit Build 19041 (10.0.19041.3636)
Time: Wed May  8 15:03:11 2024 Hora de verano romance elapsed time: 0.340057 seconds (0d 0h 0m 0s)

---------------  T H R E A D  ---------------

Current thread (0x000001370bc072a0):  JavaThread "main" [_thread_in_native, id=11772, stack(0x00000024c6600000,0x00000024c6700000)]

Stack: [0x00000024c6600000,0x00000024c6700000],  sp=0x00000024c66ff398,  free space=1020k
Native frames: (J=compiled Java code, j=interpreted, Vv=VM code, C=native code)
C  [lwjgl_opengl.dll+0xc75d]

Java frames: (J=compiled Java code, j=interpreted, Vv=VM code)
j  org.lwjgl.opengl.GL11C.nglGenTextures(IJ)V+0
j  org.lwjgl.opengl.GL11C.glGenTextures()I+20
j  org.lwjgl.opengl.GL11.glGenTextures()I+0
j  esp.ui.Image.load(Ljava/lang/String;)V+6
j  esp.utils.Resources.loadAvailableIcons()V+56
j  esp.utils.Resources.init(Ljava/lang/String;)V+6
j  esp.Espabilarium.launch()V+34
j  esp.AppLauncher.main([Ljava/lang/String;)V+9
v  ~StubRoutines::call_stub

siginfo: EXCEPTION_ACCESS_VIOLATION (0xc0000005), reading address 0x00000000000002d8


Registers:
RAX=0x0000013777da82e0, RBX=0x00000137724cea18, RCX=0x0000000000000001, RDX=0x0000013777db9acc
RSP=0x00000024c66ff398, RBP=0x00000024c66ff428, RSI=0x00000137721fcc80, RDI=0x000001371cdd94a5
R8 =0x0000000000000001, R9 =0x0000013777db9acc, R10=0x0000000000000000, R11=0x00000007140fa998
R12=0x0000000000000000, R13=0x00000137724cea18, R14=0x00000024c66ff458, R15=0x000001370bc072a0
RIP=0x00007ff8abffc75d, EFLAGS=0x0000000000010206


Register to memory mapping:

RIP=0x00007ff8abffc75d lwjgl_opengl.dll
RAX=0x0000013777da82e0 points into unknown readable memory: 0x0000000000000000 | 00 00 00 00 00 00 00 00
RBX={method} {0x00000137724cea20} 'nglGenTextures' '(IJ)V' in 'org/lwjgl/opengl/GL11C'
RCX=0x0000000000000001 is an unknown value
RDX=0x0000013777db9acc points into unknown readable memory: 00 00 00 00
RSP=0x00000024c66ff398 is pointing into the stack for thread: 0x000001370bc072a0
RBP=0x00000024c66ff428 is pointing into the stack for thread: 0x000001370bc072a0
RSI=0x00000137721fcc80 is pointing into metadata
RDI=0x000001371cdd94a5 is at code_begin+1029 in an Interpreter codelet
return entry points  [0x000001371cdd90a0, 0x000001371cdd98c0]  2080 bytes
R8 =0x0000000000000001 is an unknown value
R9 =0x0000013777db9acc points into unknown readable memory: 00 00 00 00
R10=0x0 is NULL
R11=0x00000007140fa998 is an oop: java.lang.Class 
{0x00000007140fa998} - klass: 'java/lang/Class'
 - ---- fields (total size 116 words):
 - private volatile transient 'classRedefinedCount' 'I' @12  0
 - private volatile transient 'cachedConstructor' 'Ljava/lang/reflect/Constructor;' @40  NULL (0)
 - private transient 'name' 'Ljava/lang/String;' @44  "org.lwjgl.opengl.GL11C"{0x00000007140fad48} (e281f5a9)
 - private transient 'module' 'Ljava/lang/Module;' @48  a 'java/lang/Module'{0x000000071495d1a0} (e292ba34)
 - private final 'classLoader' 'Ljava/lang/ClassLoader;' @52  a 'jdk/internal/loader/ClassLoaders$AppClassLoader'{0x000000071495cfe0} (e292b9fc)
 - private transient 'classData' 'Ljava/lang/Object;' @56  NULL (0)
 - private transient 'packageName' 'Ljava/lang/String;' @60  "org.lwjgl.opengl"{0x0000000714015d28} (e2802ba5)
 - private final 'componentType' 'Ljava/lang/Class;' @64  NULL (0)
 - private volatile transient 'reflectionData' 'Ljava/lang/ref/SoftReference;' @68  NULL (0)
 - private volatile transient 'genericInfo' 'Lsun/reflect/generics/repository/ClassRepository;' @72  NULL (0)
 - private volatile transient 'enumConstants' '[Ljava/lang/Object;' @76  NULL (0)
 - private volatile transient 'enumConstantDirectory' 'Ljava/util/Map;' @80  NULL (0)
 - private volatile transient 'annotationData' 'Ljava/lang/Class$AnnotationData;' @84  NULL (0)
 - private volatile transient 'annotationType' 'Lsun/reflect/annotation/AnnotationType;' @88  NULL (0)
 - transient 'classValueMap' 'Ljava/lang/ClassValue$ClassValueMap;' @92  NULL (0)
 - signature: Lorg/lwjgl/opengl/GL11C;
 - fake entry for mirror: 'org/lwjgl/opengl/GL11C'
 - fake entry for array: NULL
 - fake entry for oop_size: 116
 - fake entry for static_oop_field_count: 0
 - public static final 'GL_NEVER' 'I' @112  512 (200)
 - public static final 'GL_LESS' 'I' @116  513 (201)
 - public static final 'GL_EQUAL' 'I' @120  514 (202)
 - public static final 'GL_LEQUAL' 'I' @124  515 (203)
 - public static final 'GL_GREATER' 'I' @128  516 (204)
 - public static final 'GL_NOTEQUAL' 'I' @132  517 (205)
 - public static final 'GL_GEQUAL' 'I' @136  518 (206)
 - public static final 'GL_ALWAYS' 'I' @140  519 (207)
 - public static final 'GL_DEPTH_BUFFER_BIT' 'I' @144  256 (100)
 - public static final 'GL_STENCIL_BUFFER_BIT' 'I' @148  1024 (400)
 - public static final 'GL_COLOR_BUFFER_BIT' 'I' @152  16384 (4000)
 - public static final 'GL_POINTS' 'I' @156  0
 - public static final 'GL_LINES' 'I' @160  1
 - public static final 'GL_LINE_LOOP' 'I' @164  2
 - public static final 'GL_LINE_STRIP' 'I' @168  3
 - public static final 'GL_TRIANGLES' 'I' @172  4
 - public static final 'GL_TRIANGLE_STRIP' 'I' @176  5
 - public static final 'GL_TRIANGLE_FAN' 'I' @180  6
 - public static final 'GL_QUADS' 'I' @184  7
 - public static final 'GL_ZERO' 'I' @188  0
 - public static final 'GL_ONE' 'I' @192  1
 - public static final 'GL_SRC_COLOR' 'I' @196  768 (300)
 - public static final 'GL_ONE_MINUS_SRC_COLOR' 'I' @200  769 (301)
 - public static final 'GL_SRC_ALPHA' 'I' @204  770 (302)
 - public static final 'GL_ONE_MINUS_SRC_ALPHA' 'I' @208  771 (303)
 - public static final 'GL_DST_ALPHA' 'I' @212  772 (304)
 - public static final 'GL_ONE_MINUS_DST_ALPHA' 'I' @216  773 (305)
 - public static final 'GL_DST_COLOR' 'I' @220  774 (306)
 - public static final 'GL_ONE_MINUS_DST_COLOR' 'I' @224  775 (307)
 - public static final 'GL_SRC_ALPHA_SATURATE' 'I' @228  776 (308)
 - public static final 'GL_TRUE' 'I' @232  1
 - public static final 'GL_FALSE' 'I' @236  0
 - public static final 'GL_BYTE' 'I' @240  5120 (1400)
 - public static final 'GL_UNSIGNED_BYTE' 'I' @244  5121 (1401)
 - public static final 'GL_SHORT' 'I' @248  5122 (1402)
 - public static final 'GL_UNSIGNED_SHORT' 'I' @252  5123 (1403)
 - public static final 'GL_INT' 'I' @256  5124 (1404)
 - public static final 'GL_UNSIGNED_INT' 'I' @260  5125 (1405)
 - public static final 'GL_FLOAT' 'I' @264  5126 (1406)
 - public static final 'GL_DOUBLE' 'I' @268  5130 (140a)
 - public static final 'GL_NONE' 'I' @272  0
 - public static final 'GL_FRONT_LEFT' 'I' @276  1024 (400)
 - public static final 'GL_FRONT_RIGHT' 'I' @280  1025 (401)
 - public static final 'GL_BACK_LEFT' 'I' @284  1026 (402)
 - public static final 'GL_BACK_RIGHT' 'I' @288  1027 (403)
 - public static final 'GL_FRONT' 'I' @292  1028 (404)
 - public static final 'GL_BACK' 'I' @296  1029 (405)
 - public static final 'GL_LEFT' 'I' @300  1030 (406)
 - public static final 'GL_RIGHT' 'I' @304  1031 (407)
 - public static final 'GL_FRONT_AND_BACK' 'I' @308  1032 (408)
 - public static final 'GL_NO_ERROR' 'I' @312  0
 - public static final 'GL_INVALID_ENUM' 'I' @316  1280 (500)
 - public static final 'GL_INVALID_VALUE' 'I' @320  1281 (501)
 - public static final 'GL_INVALID_OPERATION' 'I' @324  1282 (502)
 - public static final 'GL_STACK_OVERFLOW' 'I' @328  1283 (503)
 - public static final 'GL_STACK_UNDERFLOW' 'I' @332  1284 (504)
 - public static final 'GL_OUT_OF_MEMORY' 'I' @336  1285 (505)
 - public static final 'GL_CW' 'I' @340  2304 (900)
 - public static final 'GL_CCW' 'I' @344  2305 (901)
 - public static final 'GL_POINT_SIZE' 'I' @348  2833 (b11)
 - public static final 'GL_POINT_SIZE_RANGE' 'I' @352  2834 (b12)
 - public static final 'GL_POINT_SIZE_GRANULARITY' 'I' @356  2835 (b13)
 - public static final 'GL_LINE_SMOOTH' 'I' @360  2848 (b20)
 - public static final 'GL_LINE_WIDTH' 'I' @364  2849 (b21)
 - public static final 'GL_LINE_WIDTH_RANGE' 'I' @368  2850 (b22)
 - public static final 'GL_LINE_WIDTH_GRANULARITY' 'I' @372  2851 (b23)
 - public static final 'GL_POLYGON_MODE' 'I' @376  2880 (b40)
 - public static final 'GL_POLYGON_SMOOTH' 'I' @380  2881 (b41)
 - public static final 'GL_CULL_FACE' 'I' @384  2884 (b44)
 - public static final 'GL_CULL_FACE_MODE' 'I' @388  2885 (b45)
 - public static final 'GL_FRONT_FACE' 'I' @392  2886 (b46)
 - public static final 'GL_DEPTH_RANGE' 'I' @396  2928 (b70)
 - public static final 'GL_DEPTH_TEST' 'I' @400  2929 (b71)
 - public static final 'GL_DEPTH_WRITEMASK' 'I' @404  2930 (b72)
 - public static final 'GL_DEPTH_CLEAR_VALUE' 'I' @408  2931 (b73)
 - public static final 'GL_DEPTH_FUNC' 'I' @412  2932 (b74)
 - public static final 'GL_STENCIL_TEST' 'I' @416  2960 (b90)
 - public static final 'GL_STENCIL_CLEAR_VALUE' 'I' @420  2961 (b91)
 - public static final 'GL_STENCIL_FUNC' 'I' @424  2962 (b92)
 - public static final 'GL_STENCIL_VALUE_MASK' 'I' @428  2963 (b93)
 - public static final 'GL_STENCIL_FAIL' 'I' @432  2964 (b94)
 - public static final 'GL_STENCIL_PASS_DEPTH_FAIL' 'I' @436  2965 (b95)
 - public static final 'GL_STENCIL_PASS_DEPTH_PASS' 'I' @440  2966 (b96)
 - public static final 'GL_STENCIL_REF' 'I' @444  2967 (b97)
 - public static final 'GL_STENCIL_WRITEMASK' 'I' @448  2968 (b98)
 - public static final 'GL_VIEWPORT' 'I' @452  2978 (ba2)
 - public static final 'GL_DITHER' 'I' @456  3024 (bd0)
 - public static final 'GL_BLEND_DST' 'I' @460  3040 (be0)
 - public static final 'GL_BLEND_SRC' 'I' @464  3041 (be1)
 - public static final 'GL_BLEND' 'I' @468  3042 (be2)
 - public static final 'GL_LOGIC_OP_MODE' 'I' @472  3056 (bf0)
 - public static final 'GL_COLOR_LOGIC_OP' 'I' @476  3058 (bf2)
 - public static final 'GL_DRAW_BUFFER' 'I' @480  3073 (c01)
 - public static final 'GL_READ_BUFFER' 'I' @484  3074 (c02)
 - public static final 'GL_SCISSOR_BOX' 'I' @488  3088 (c10)
 - public static final 'GL_SCISSOR_TEST' 'I' @492  3089 (c11)
 - public static final 'GL_COLOR_CLEAR_VALUE' 'I' @496  3106 (c22)
 - public static final 'GL_COLOR_WRITEMASK' 'I' @500  3107 (c23)
 - public static final 'GL_DOUBLEBUFFER' 'I' @504  3122 (c32)
 - public static final 'GL_STEREO' 'I' @508  3123 (c33)
 - public static final 'GL_LINE_SMOOTH_HINT' 'I' @512  3154 (c52)
 - public static final 'GL_POLYGON_SMOOTH_HINT' 'I' @516  3155 (c53)
 - public static final 'GL_UNPACK_SWAP_BYTES' 'I' @520  3312 (cf0)
 - public static final 'GL_UNPACK_LSB_FIRST' 'I' @524  3313 (cf1)
 - public static final 'GL_UNPACK_ROW_LENGTH' 'I' @528  3314 (cf2)
 - public static final 'GL_UNPACK_SKIP_ROWS' 'I' @532  3315 (cf3)
 - public static final 'GL_UNPACK_SKIP_PIXELS' 'I' @536  3316 (cf4)
 - public static final 'GL_UNPACK_ALIGNMENT' 'I' @540  3317 (cf5)
 - public static final 'GL_PACK_SWAP_BYTES' 'I' @544  3328 (d00)
 - public static final 'GL_PACK_LSB_FIRST' 'I' @548  3329 (d01)
 - public static final 'GL_PACK_ROW_LENGTH' 'I' @552  3330 (d02)
 - public static final 'GL_PACK_SKIP_ROWS' 'I' @556  3331 (d03)
 - public static final 'GL_PACK_SKIP_PIXELS' 'I' @560  3332 (d04)
 - public static final 'GL_PACK_ALIGNMENT' 'I' @564  3333 (d05)
 - public static final 'GL_MAX_TEXTURE_SIZE' 'I' @568  3379 (d33)
 - public static final 'GL_MAX_VIEWPORT_DIMS' 'I' @572  3386 (d3a)
 - public static final 'GL_SUBPIXEL_BITS' 'I' @576  3408 (d50)
 - public static final 'GL_TEXTURE_1D' 'I' @580  3552 (de0)
 - public static final 'GL_TEXTURE_2D' 'I' @584  3553 (de1)
 - public static final 'GL_TEXTURE_WIDTH' 'I' @588  4096 (1000)
 - public static final 'GL_TEXTURE_HEIGHT' 'I' @592  4097 (1001)
 - public static final 'GL_TEXTURE_INTERNAL_FORMAT' 'I' @596  4099 (1003)
 - public static final 'GL_TEXTURE_BORDER_COLOR' 'I' @600  4100 (1004)
 - public static final 'GL_DONT_CARE' 'I' @604  4352 (1100)
 - public static final 'GL_FASTEST' 'I' @608  4353 (1101)
 - public static final 'GL_NICEST' 'I' @612  4354 (1102)
 - public static final 'GL_CLEAR' 'I' @616  5376 (1500)
 - public static final 'GL_AND' 'I' @620  5377 (1501)
 - public static final 'GL_AND_REVERSE' 'I' @624  5378 (1502)
 - public static final 'GL_COPY' 'I' @628  5379 (1503)
 - public static final 'GL_AND_INVERTED' 'I' @632  5380 (1504)
 - public static final 'GL_NOOP' 'I' @636  5381 (1505)
 - public static final 'GL_XOR' 'I' @640  5382 (1506)
 - public static final 'GL_OR' 'I' @644  5383 (1507)
 - public static final 'GL_NOR' 'I' @648  5384 (1508)
 - public static final 'GL_EQUIV' 'I' @652  5385 (1509)
 - public static final 'GL_INVERT' 'I' @656  5386 (150a)
 - public static final 'GL_OR_REVERSE' 'I' @660  5387 (150b)
 - public static final 'GL_COPY_INVERTED' 'I' @664  5388 (150c)
 - public static final 'GL_OR_INVERTED' 'I' @668  5389 (150d)
 - public static final 'GL_NAND' 'I' @672  5390 (150e)
 - public static final 'GL_SET' 'I' @676  5391 (150f)
 - public static final 'GL_TEXTURE' 'I' @680  5890 (1702)
 - public static final 'GL_COLOR' 'I' @684  6144 (1800)
 - public static final 'GL_DEPTH' 'I' @688  6145 (1801)
 - public static final 'GL_STENCIL' 'I' @692  6146 (1802)
 - public static final 'GL_STENCIL_INDEX' 'I' @696  6401 (1901)
 - public static final 'GL_DEPTH_COMPONENT' 'I' @700  6402 (1902)
 - public static final 'GL_RED' 'I' @704  6403 (1903)
 - public static final 'GL_GREEN' 'I' @708  6404 (1904)
 - public static final 'GL_BLUE' 'I' @712  6405 (1905)
 - public static final 'GL_ALPHA' 'I' @716  6406 (1906)
 - public static final 'GL_RGB' 'I' @720  6407 (1907)
 - public static final 'GL_RGBA' 'I' @724  6408 (1908)
 - public static final 'GL_POINT' 'I' @728  6912 (1b00)
 - public static final 'GL_LINE' 'I' @732  6913 (1b01)
 - public static final 'GL_FILL' 'I' @736  6914 (1b02)
 - public static final 'GL_KEEP' 'I' @740  7680 (1e00)
 - public static final 'GL_REPLACE' 'I' @744  7681 (1e01)
 - public static final 'GL_INCR' 'I' @748  7682 (1e02)
 - public static final 'GL_DECR' 'I' @752  7683 (1e03)
 - public static final 'GL_VENDOR' 'I' @756  7936 (1f00)
 - public static final 'GL_RENDERER' 'I' @760  7937 (1f01)
 - public static final 'GL_VERSION' 'I' @764  7938 (1f02)
 - public static final 'GL_EXTENSIONS' 'I' @768  7939 (1f03)
 - public static final 'GL_NEAREST' 'I' @772  9728 (2600)
 - public static final 'GL_LINEAR' 'I' @776  9729 (2601)
 - public static final 'GL_NEAREST_MIPMAP_NEAREST' 'I' @780  9984 (2700)
 - public static final 'GL_LINEAR_MIPMAP_NEAREST' 'I' @784  9985 (2701)
 - public static final 'GL_NEAREST_MIPMAP_LINEAR' 'I' @788  9986 (2702)
 - public static final 'GL_LINEAR_MIPMAP_LINEAR' 'I' @792  9987 (2703)
 - public static final 'GL_TEXTURE_MAG_FILTER' 'I' @796  10240 (2800)
 - public static final 'GL_TEXTURE_MIN_FILTER' 'I' @800  10241 (2801)
 - public static final 'GL_TEXTURE_WRAP_S' 'I' @804  10242 (2802)
 - public static final 'GL_TEXTURE_WRAP_T' 'I' @808  10243 (2803)
 - public static final 'GL_REPEAT' 'I' @812  10497 (2901)
 - public static final 'GL_POLYGON_OFFSET_FACTOR' 'I' @816  32824 (8038)
 - public static final 'GL_POLYGON_OFFSET_UNITS' 'I' @820  10752 (2a00)
 - public static final 'GL_POLYGON_OFFSET_POINT' 'I' @824  10753 (2a01)
 - public static final 'GL_POLYGON_OFFSET_LINE' 'I' @828  10754 (2a02)
 - public static final 'GL_POLYGON_OFFSET_FILL' 'I' @832  32823 (8037)
 - public static final 'GL_R3_G3_B2' 'I' @836  10768 (2a10)
 - public static final 'GL_RGB4' 'I' @840  32847 (804f)
 - public static final 'GL_RGB5' 'I' @844  32848 (8050)
 - public static final 'GL_RGB8' 'I' @848  32849 (8051)
 - public static final 'GL_RGB10' 'I' @852  32850 (8052)
 - public static final 'GL_RGB12' 'I' @856  32851 (8053)
 - public static final 'GL_RGB16' 'I' @860  32852 (8054)
 - public static final 'GL_RGBA2' 'I' @864  32853 (8055)
 - public static final 'GL_RGBA4' 'I' @868  32854 (8056)
 - public static final 'GL_RGB5_A1' 'I' @872  32855 (8057)
 - public static final 'GL_RGBA8' 'I' @876  32856 (8058)
 - public static final 'GL_RGB10_A2' 'I' @880  32857 (8059)
 - public static final 'GL_RGBA12' 'I' @884  32858 (805a)
 - public static final 'GL_RGBA16' 'I' @888  32859 (805b)
 - public static final 'GL_TEXTURE_RED_SIZE' 'I' @892  32860 (805c)
 - public static final 'GL_TEXTURE_GREEN_SIZE' 'I' @896  32861 (805d)
 - public static final 'GL_TEXTURE_BLUE_SIZE' 'I' @900  32862 (805e)
 - public static final 'GL_TEXTURE_ALPHA_SIZE' 'I' @904  32863 (805f)
 - public static final 'GL_PROXY_TEXTURE_1D' 'I' @908  32867 (8063)
 - public static final 'GL_PROXY_TEXTURE_2D' 'I' @912  32868 (8064)
 - public static final 'GL_TEXTURE_BINDING_1D' 'I' @916  32872 (8068)
 - public static final 'GL_TEXTURE_BINDING_2D' 'I' @920  32873 (8069)
 - public static final 'GL_VERTEX_ARRAY' 'I' @924  32884 (8074)
R12=0x0 is NULL
R13={method} {0x00000137724cea20} 'nglGenTextures' '(IJ)V' in 'org/lwjgl/opengl/GL11C'
R14=0x00000024c66ff458 is pointing into the stack for thread: 0x000001370bc072a0
R15=0x000001370bc072a0 is a thread


Top of Stack: (sp=0x00000024c66ff398)
0x00000024c66ff398:   000001371cddd1c1 000001371cdd94a5
0x00000024c66ff3a8:   000001371cddcedc 00000137724cea18
0x00000024c66ff3b8:   00000137721fcc80 00000024c66ff3d8
0x00000024c66ff3c8:   00000024c66ff440 000001371cdd94a5
0x00000024c66ff3d8:   000001371cddce96 00000024c66ff3e0
0x00000024c66ff3e8:   00000137724cea18 00000024c66ff458
0x00000024c66ff3f8:   00000137724d8960 0000000000000000
0x00000024c66ff408:   00000007140fa998 00000137724cea18
0x00000024c66ff418:   0000000000000000 00000024c66ff448
0x00000024c66ff428:   00000024c66ff4a8 000001371cdd93d6
0x00000024c66ff438:   00000007140fa998 000001371cddac18
0x00000024c66ff448:   0000013777db9acc 0000000000000000
0x00000024c66ff458:   0000000000000001 00000024c66ff460
0x00000024c66ff468:   00000137724ceb8c 00000024c66ff4d8
0x00000024c66ff478:   00000137724d8960 0000000000000000
0x00000024c66ff488:   00000007140fa998 00000137724cebf8
0x00000024c66ff498:   00000024c66ff448 00000024c66ff4e0
0x00000024c66ff4a8:   00000024c66ff528 000001371cdd94ea
0x00000024c66ff4b8:   0000000000000000 0000000000000000
0x00000024c66ff4c8:   00000007140fadc0 0000000000010000
0x00000024c66ff4d8:   00000007143d8298 00000024c66ff4e0
0x00000024c66ff4e8:   0000013772490b50 00000024c66ff530
0x00000024c66ff4f8:   00000137724b3c90 0000000000000000
0x00000024c66ff508:   0000000714055ed8 0000013772490b68
0x00000024c66ff518:   00000024c66ff4e0 00000024c66ff538
0x00000024c66ff528:   00000024c66ff588 000001371cdd94ea
0x00000024c66ff538:   0000000714013da8 00000024c66ff540
0x00000024c66ff548:   000001377247f5c6 00000024c66ff5c0
0x00000024c66ff558:   000001377247f7d0 0000000000000000
0x00000024c66ff568:   0000000714013ca0 000001377247f728
0x00000024c66ff578:   00000024c66ff538 00000024c66ff5b8
0x00000024c66ff588:   00000024c66ff610 000001371cdd93d6 

Instructions: (pc=0x00007ff8abffc75d)
0x00007ff8abffc65d:   cc cc cc 48 8b 01 41 0f b6 c8 48 8b 50 18 48 ff
0x00007ff8abffc66d:   a2 d0 01 00 00 cc cc cc cc cc cc cc cc cc cc cc
0x00007ff8abffc67d:   cc cc cc 48 8b 01 0f 28 cb 0f 28 c2 48 8b 48 18
0x00007ff8abffc68d:   48 ff a1 d8 01 00 00 cc cc cc cc cc cc cc cc cc
0x00007ff8abffc69d:   cc cc cc 48 8b 01 45 8b d8 44 8b 44 24 28 41 8b
0x00007ff8abffc6ad:   d1 41 8b cb 4c 8b 50 18 49 ff a2 e8 01 00 00 cc
0x00007ff8abffc6bd:   cc cc cc 48 8b 01 41 8b c8 48 8b 50 18 48 ff a2
0x00007ff8abffc6cd:   f0 01 00 00 cc cc cc cc cc cc cc cc cc cc cc cc
0x00007ff8abffc6dd:   cc cc cc 40 53 48 8b 01 41 8b d8 44 8b 44 24 30
0x00007ff8abffc6ed:   41 8b d1 4c 8b 4c 24 38 8b cb 4c 8b 50 18 5b 49
0x00007ff8abffc6fd:   ff a2 f8 01 00 00 cc cc cc cc cc cc cc cc cc cc
0x00007ff8abffc70d:   cc cc cc 48 8b 01 48 8b 48 18 48 ff a1 98 02 00
0x00007ff8abffc71d:   00 cc cc 48 8b 01 48 8b 48 18 48 ff a1 a0 02 00
0x00007ff8abffc72d:   00 cc cc 48 8b 01 41 8b c8 48 8b 50 18 48 ff a2
0x00007ff8abffc73d:   c8 02 00 00 cc cc cc cc cc cc cc cc cc cc cc cc
0x00007ff8abffc74d:   cc cc cc 48 8b 01 49 8b d1 41 8b c8 4c 8b 50 18
0x00007ff8abffc75d:   49 ff a2 d8 02 00 00 cc cc cc cc cc cc cc cc cc
0x00007ff8abffc76d:   cc cc cc 48 8b 01 49 8b d1 41 8b c8 4c 8b 50 18
0x00007ff8abffc77d:   49 ff a2 e0 02 00 00 cc cc cc cc cc cc cc cc cc
0x00007ff8abffc78d:   cc cc cc 48 8b 01 49 8b d1 41 8b c8 4c 8b 50 18
0x00007ff8abffc79d:   49 ff a2 f0 02 00 00 cc cc cc cc cc cc cc cc cc
0x00007ff8abffc7ad:   cc cc cc 48 8b 01 49 8b d1 41 8b c8 4c 8b 50 18
0x00007ff8abffc7bd:   49 ff a2 f8 02 00 00 cc cc cc cc cc cc cc cc cc
0x00007ff8abffc7cd:   cc cc cc 48 8b 01 49 8b d1 41 8b c8 4c 8b 50 18
0x00007ff8abffc7dd:   49 ff a2 00 03 00 00 cc cc cc cc cc cc cc cc cc
0x00007ff8abffc7ed:   cc cc cc 48 8b 01 49 8b d1 41 8b c8 4c 8b 50 18
0x00007ff8abffc7fd:   49 ff a2 08 03 00 00 cc cc cc cc cc cc cc cc cc
0x00007ff8abffc80d:   cc cc cc 48 8b 01 48 8b 48 18 48 8b 81 10 03 00
0x00007ff8abffc81d:   00 48 ff e0 cc cc cc cc cc cc cc cc cc cc cc cc
0x00007ff8abffc82d:   cc cc cc 48 8b 01 49 8b d1 41 8b c8 4c 8b 50 18
0x00007ff8abffc83d:   49 ff a2 68 03 00 00 cc cc cc cc cc cc cc cc cc
0x00007ff8abffc84d:   cc cc cc 48 8b 01 48 8b 48 18 48 8b 81 78 03 00 


Stack slot to memory mapping:
stack at sp + 0 slots: 0x000001371cddd1c1 is at code_begin+993 in an Interpreter codelet
method entry point (kind = native)  [0x000001371cddcde0, 0x000001371cddd760]  2432 bytes
stack at sp + 1 slots: 0x000001371cdd94a5 is at code_begin+1029 in an Interpreter codelet
return entry points  [0x000001371cdd90a0, 0x000001371cdd98c0]  2080 bytes
stack at sp + 2 slots: 0x000001371cddcedc is at code_begin+252 in an Interpreter codelet
method entry point (kind = native)  [0x000001371cddcde0, 0x000001371cddd760]  2432 bytes
stack at sp + 3 slots: {method} {0x00000137724cea20} 'nglGenTextures' '(IJ)V' in 'org/lwjgl/opengl/GL11C'
stack at sp + 4 slots: 0x00000137721fcc80 is pointing into metadata
stack at sp + 5 slots: 0x00000024c66ff3d8 is pointing into the stack for thread: 0x000001370bc072a0
stack at sp + 6 slots: 0x00000024c66ff440 is pointing into the stack for thread: 0x000001370bc072a0
stack at sp + 7 slots: 0x000001371cdd94a5 is at code_begin+1029 in an Interpreter codelet
return entry points  [0x000001371cdd90a0, 0x000001371cdd98c0]  2080 bytes


---------------  P R O C E S S  ---------------

Threads class SMR info:
_java_thread_list=0x0000013776177010, length=14, elements={
0x000001370bc072a0, 0x0000013730c1bc20, 0x0000013730c1c700, 0x0000013776004090,
0x0000013776004b70, 0x0000013730c2e540, 0x000001377600ae60, 0x000001377600ba70,
0x00000137760153b0, 0x0000013776026490, 0x0000013730c03090, 0x0000013730c03a70,
0x0000013776132af0, 0x00000137761a71b0
}

Java Threads: ( => current thread )
=>0x000001370bc072a0 JavaThread "main" [_thread_in_native, id=11772, stack(0x00000024c6600000,0x00000024c6700000)]
  0x0000013730c1bc20 JavaThread "Reference Handler" daemon [_thread_blocked, id=16876, stack(0x00000024c6d00000,0x00000024c6e00000)]
  0x0000013730c1c700 JavaThread "Finalizer" daemon [_thread_blocked, id=19816, stack(0x00000024c6e00000,0x00000024c6f00000)]
  0x0000013776004090 JavaThread "Signal Dispatcher" daemon [_thread_blocked, id=5744, stack(0x00000024c6f00000,0x00000024c7000000)]
  0x0000013776004b70 JavaThread "Attach Listener" daemon [_thread_blocked, id=17544, stack(0x00000024c7000000,0x00000024c7100000)]
  0x0000013730c2e540 JavaThread "Service Thread" daemon [_thread_blocked, id=3308, stack(0x00000024c7100000,0x00000024c7200000)]
  0x000001377600ae60 JavaThread "Monitor Deflation Thread" daemon [_thread_blocked, id=14904, stack(0x00000024c7200000,0x00000024c7300000)]
  0x000001377600ba70 JavaThread "JVMCI-native CompilerThread0" daemon [_thread_blocked, id=13352, stack(0x00000024c7300000,0x00000024c7400000)]
  0x00000137760153b0 JavaThread "C1 CompilerThread0" daemon [_thread_blocked, id=16312, stack(0x00000024c7400000,0x00000024c7500000)]
  0x0000013776026490 JavaThread "Sweeper thread" daemon [_thread_blocked, id=11476, stack(0x00000024c7500000,0x00000024c7600000)]
  0x0000013730c03090 JavaThread "Common-Cleaner" daemon [_thread_blocked, id=876, stack(0x00000024c7600000,0x00000024c7700000)]
  0x0000013730c03a70 JavaThread "C1 CompilerThread1" daemon [_thread_blocked, id=17624, stack(0x00000024c7700000,0x00000024c7800000)]
  0x0000013776132af0 JavaThread "C1 CompilerThread2" daemon [_thread_blocked, id=16880, stack(0x00000024c7800000,0x00000024c7900000)]
  0x00000137761a71b0 JavaThread "Notification Thread" daemon [_thread_blocked, id=15132, stack(0x00000024c7900000,0x00000024c7a00000)]

Other Threads:
  0x0000013730c179a0 VMThread "VM Thread" [stack: 0x00000024c6c00000,0x00000024c6d00000] [id=4696]
  0x00000137761a76a0 WatcherThread [stack: 0x00000024c7a00000,0x00000024c7b00000] [id=14228]
  0x000001370bc71430 GCTaskThread "GC Thread#0" [stack: 0x00000024c6700000,0x00000024c6800000] [id=20500]
  0x000001370bc81da0 ConcurrentGCThread "G1 Main Marker" [stack: 0x00000024c6800000,0x00000024c6900000] [id=2820]
  0x000001370bc82e70 ConcurrentGCThread "G1 Conc#0" [stack: 0x00000024c6900000,0x00000024c6a00000] [id=6964]
  0x000001370bcbe8f0 ConcurrentGCThread "G1 Refine#0" [stack: 0x00000024c6a00000,0x00000024c6b00000] [id=21028]
  0x0000013730acc390 ConcurrentGCThread "G1 Service" [stack: 0x00000024c6b00000,0x00000024c6c00000] [id=19220]

Threads with active compile tasks:

VM state: not at safepoint (normal execution)

VM Mutex/Monitor currently owned by a thread: None

Heap address: 0x0000000704e00000, size: 4018 MB, Compressed Oops mode: Zero based, Oop shift amount: 3

CDS archive(s) mapped at: [0x0000013731000000-0x0000013731bb0000-0x0000013731bb0000), size 12255232, SharedBaseAddress: 0x0000013731000000, ArchiveRelocationMode: 1.
Compressed class space mapped at: 0x0000013732000000-0x0000013772000000, reserved size: 1073741824
Narrow klass base: 0x0000013731000000, Narrow klass shift: 0, Narrow klass range: 0x100000000

GC Precious Log:
 CPUs: 8 total, 8 available
 Memory: 16064M
 Large Page Support: Disabled
 NUMA Support: Disabled
 Compressed Oops: Enabled (Zero based)
 Heap Region Size: 2M
 Heap Min Capacity: 8M
 Heap Initial Capacity: 252M
 Heap Max Capacity: 4018M
 Pre-touch: Disabled
 Parallel Workers: 8
 Concurrent Workers: 2
 Concurrent Refinement Workers: 8
 Periodic GC: Disabled

Heap:
 garbage-first heap   total 258048K, used 8192K [0x0000000704e00000, 0x0000000800000000)
  region size 2048K, 5 young (10240K), 0 survivors (0K)
 Metaspace       used 3118K, committed 3264K, reserved 1114112K
  class space    used 236K, committed 320K, reserved 1048576K

Heap Regions: E=young(eden), S=young(survivor), O=old, HS=humongous(starts), HC=humongous(continues), CS=collection set, F=free, OA=open archive, CA=closed archive, TAMS=top-at-mark-start (previous, next)
|   0|0x0000000704e00000, 0x0000000704e00000, 0x0000000705000000|  0%| F|  |TAMS 0x0000000704e00000, 0x0000000704e00000| Untracked 
|   1|0x0000000705000000, 0x0000000705000000, 0x0000000705200000|  0%| F|  |TAMS 0x0000000705000000, 0x0000000705000000| Untracked 
|   2|0x0000000705200000, 0x0000000705200000, 0x0000000705400000|  0%| F|  |TAMS 0x0000000705200000, 0x0000000705200000| Untracked 
|   3|0x0000000705400000, 0x0000000705400000, 0x0000000705600000|  0%| F|  |TAMS 0x0000000705400000, 0x0000000705400000| Untracked 
|   4|0x0000000705600000, 0x0000000705600000, 0x0000000705800000|  0%| F|  |TAMS 0x0000000705600000, 0x0000000705600000| Untracked 
|   5|0x0000000705800000, 0x0000000705800000, 0x0000000705a00000|  0%| F|  |TAMS 0x0000000705800000, 0x0000000705800000| Untracked 
|   6|0x0000000705a00000, 0x0000000705a00000, 0x0000000705c00000|  0%| F|  |TAMS 0x0000000705a00000, 0x0000000705a00000| Untracked 
|   7|0x0000000705c00000, 0x0000000705c00000, 0x0000000705e00000|  0%| F|  |TAMS 0x0000000705c00000, 0x0000000705c00000| Untracked 
|   8|0x0000000705e00000, 0x0000000705e00000, 0x0000000706000000|  0%| F|  |TAMS 0x0000000705e00000, 0x0000000705e00000| Untracked 
|   9|0x0000000706000000, 0x0000000706000000, 0x0000000706200000|  0%| F|  |TAMS 0x0000000706000000, 0x0000000706000000| Untracked 
|  10|0x0000000706200000, 0x0000000706200000, 0x0000000706400000|  0%| F|  |TAMS 0x0000000706200000, 0x0000000706200000| Untracked 
|  11|0x0000000706400000, 0x0000000706400000, 0x0000000706600000|  0%| F|  |TAMS 0x0000000706400000, 0x0000000706400000| Untracked 
|  12|0x0000000706600000, 0x0000000706600000, 0x0000000706800000|  0%| F|  |TAMS 0x0000000706600000, 0x0000000706600000| Untracked 
|  13|0x0000000706800000, 0x0000000706800000, 0x0000000706a00000|  0%| F|  |TAMS 0x0000000706800000, 0x0000000706800000| Untracked 
|  14|0x0000000706a00000, 0x0000000706a00000, 0x0000000706c00000|  0%| F|  |TAMS 0x0000000706a00000, 0x0000000706a00000| Untracked 
|  15|0x0000000706c00000, 0x0000000706c00000, 0x0000000706e00000|  0%| F|  |TAMS 0x0000000706c00000, 0x0000000706c00000| Untracked 
|  16|0x0000000706e00000, 0x0000000706e00000, 0x0000000707000000|  0%| F|  |TAMS 0x0000000706e00000, 0x0000000706e00000| Untracked 
|  17|0x0000000707000000, 0x0000000707000000, 0x0000000707200000|  0%| F|  |TAMS 0x0000000707000000, 0x0000000707000000| Untracked 
|  18|0x0000000707200000, 0x0000000707200000, 0x0000000707400000|  0%| F|  |TAMS 0x0000000707200000, 0x0000000707200000| Untracked 
|  19|0x0000000707400000, 0x0000000707400000, 0x0000000707600000|  0%| F|  |TAMS 0x0000000707400000, 0x0000000707400000| Untracked 
|  20|0x0000000707600000, 0x0000000707600000, 0x0000000707800000|  0%| F|  |TAMS 0x0000000707600000, 0x0000000707600000| Untracked 
|  21|0x0000000707800000, 0x0000000707800000, 0x0000000707a00000|  0%| F|  |TAMS 0x0000000707800000, 0x0000000707800000| Untracked 
|  22|0x0000000707a00000, 0x0000000707a00000, 0x0000000707c00000|  0%| F|  |TAMS 0x0000000707a00000, 0x0000000707a00000| Untracked 
|  23|0x0000000707c00000, 0x0000000707c00000, 0x0000000707e00000|  0%| F|  |TAMS 0x0000000707c00000, 0x0000000707c00000| Untracked 
|  24|0x0000000707e00000, 0x0000000707e00000, 0x0000000708000000|  0%| F|  |TAMS 0x0000000707e00000, 0x0000000707e00000| Untracked 
|  25|0x0000000708000000, 0x0000000708000000, 0x0000000708200000|  0%| F|  |TAMS 0x0000000708000000, 0x0000000708000000| Untracked 
|  26|0x0000000708200000, 0x0000000708200000, 0x0000000708400000|  0%| F|  |TAMS 0x0000000708200000, 0x0000000708200000| Untracked 
|  27|0x0000000708400000, 0x0000000708400000, 0x0000000708600000|  0%| F|  |TAMS 0x0000000708400000, 0x0000000708400000| Untracked 
|  28|0x0000000708600000, 0x0000000708600000, 0x0000000708800000|  0%| F|  |TAMS 0x0000000708600000, 0x0000000708600000| Untracked 
|  29|0x0000000708800000, 0x0000000708800000, 0x0000000708a00000|  0%| F|  |TAMS 0x0000000708800000, 0x0000000708800000| Untracked 
|  30|0x0000000708a00000, 0x0000000708a00000, 0x0000000708c00000|  0%| F|  |TAMS 0x0000000708a00000, 0x0000000708a00000| Untracked 
|  31|0x0000000708c00000, 0x0000000708c00000, 0x0000000708e00000|  0%| F|  |TAMS 0x0000000708c00000, 0x0000000708c00000| Untracked 
|  32|0x0000000708e00000, 0x0000000708e00000, 0x0000000709000000|  0%| F|  |TAMS 0x0000000708e00000, 0x0000000708e00000| Untracked 
|  33|0x0000000709000000, 0x0000000709000000, 0x0000000709200000|  0%| F|  |TAMS 0x0000000709000000, 0x0000000709000000| Untracked 
|  34|0x0000000709200000, 0x0000000709200000, 0x0000000709400000|  0%| F|  |TAMS 0x0000000709200000, 0x0000000709200000| Untracked 
|  35|0x0000000709400000, 0x0000000709400000, 0x0000000709600000|  0%| F|  |TAMS 0x0000000709400000, 0x0000000709400000| Untracked 
|  36|0x0000000709600000, 0x0000000709600000, 0x0000000709800000|  0%| F|  |TAMS 0x0000000709600000, 0x0000000709600000| Untracked 
|  37|0x0000000709800000, 0x0000000709800000, 0x0000000709a00000|  0%| F|  |TAMS 0x0000000709800000, 0x0000000709800000| Untracked 
|  38|0x0000000709a00000, 0x0000000709a00000, 0x0000000709c00000|  0%| F|  |TAMS 0x0000000709a00000, 0x0000000709a00000| Untracked 
|  39|0x0000000709c00000, 0x0000000709c00000, 0x0000000709e00000|  0%| F|  |TAMS 0x0000000709c00000, 0x0000000709c00000| Untracked 
|  40|0x0000000709e00000, 0x0000000709e00000, 0x000000070a000000|  0%| F|  |TAMS 0x0000000709e00000, 0x0000000709e00000| Untracked 
|  41|0x000000070a000000, 0x000000070a000000, 0x000000070a200000|  0%| F|  |TAMS 0x000000070a000000, 0x000000070a000000| Untracked 
|  42|0x000000070a200000, 0x000000070a200000, 0x000000070a400000|  0%| F|  |TAMS 0x000000070a200000, 0x000000070a200000| Untracked 
|  43|0x000000070a400000, 0x000000070a400000, 0x000000070a600000|  0%| F|  |TAMS 0x000000070a400000, 0x000000070a400000| Untracked 
|  44|0x000000070a600000, 0x000000070a600000, 0x000000070a800000|  0%| F|  |TAMS 0x000000070a600000, 0x000000070a600000| Untracked 
|  45|0x000000070a800000, 0x000000070a800000, 0x000000070aa00000|  0%| F|  |TAMS 0x000000070a800000, 0x000000070a800000| Untracked 
|  46|0x000000070aa00000, 0x000000070aa00000, 0x000000070ac00000|  0%| F|  |TAMS 0x000000070aa00000, 0x000000070aa00000| Untracked 
|  47|0x000000070ac00000, 0x000000070ac00000, 0x000000070ae00000|  0%| F|  |TAMS 0x000000070ac00000, 0x000000070ac00000| Untracked 
|  48|0x000000070ae00000, 0x000000070ae00000, 0x000000070b000000|  0%| F|  |TAMS 0x000000070ae00000, 0x000000070ae00000| Untracked 
|  49|0x000000070b000000, 0x000000070b000000, 0x000000070b200000|  0%| F|  |TAMS 0x000000070b000000, 0x000000070b000000| Untracked 
|  50|0x000000070b200000, 0x000000070b200000, 0x000000070b400000|  0%| F|  |TAMS 0x000000070b200000, 0x000000070b200000| Untracked 
|  51|0x000000070b400000, 0x000000070b400000, 0x000000070b600000|  0%| F|  |TAMS 0x000000070b400000, 0x000000070b400000| Untracked 
|  52|0x000000070b600000, 0x000000070b600000, 0x000000070b800000|  0%| F|  |TAMS 0x000000070b600000, 0x000000070b600000| Untracked 
|  53|0x000000070b800000, 0x000000070b800000, 0x000000070ba00000|  0%| F|  |TAMS 0x000000070b800000, 0x000000070b800000| Untracked 
|  54|0x000000070ba00000, 0x000000070ba00000, 0x000000070bc00000|  0%| F|  |TAMS 0x000000070ba00000, 0x000000070ba00000| Untracked 
|  55|0x000000070bc00000, 0x000000070bc00000, 0x000000070be00000|  0%| F|  |TAMS 0x000000070bc00000, 0x000000070bc00000| Untracked 
|  56|0x000000070be00000, 0x000000070be00000, 0x000000070c000000|  0%| F|  |TAMS 0x000000070be00000, 0x000000070be00000| Untracked 
|  57|0x000000070c000000, 0x000000070c000000, 0x000000070c200000|  0%| F|  |TAMS 0x000000070c000000, 0x000000070c000000| Untracked 
|  58|0x000000070c200000, 0x000000070c200000, 0x000000070c400000|  0%| F|  |TAMS 0x000000070c200000, 0x000000070c200000| Untracked 
|  59|0x000000070c400000, 0x000000070c400000, 0x000000070c600000|  0%| F|  |TAMS 0x000000070c400000, 0x000000070c400000| Untracked 
|  60|0x000000070c600000, 0x000000070c600000, 0x000000070c800000|  0%| F|  |TAMS 0x000000070c600000, 0x000000070c600000| Untracked 
|  61|0x000000070c800000, 0x000000070c800000, 0x000000070ca00000|  0%| F|  |TAMS 0x000000070c800000, 0x000000070c800000| Untracked 
|  62|0x000000070ca00000, 0x000000070ca00000, 0x000000070cc00000|  0%| F|  |TAMS 0x000000070ca00000, 0x000000070ca00000| Untracked 
|  63|0x000000070cc00000, 0x000000070cc00000, 0x000000070ce00000|  0%| F|  |TAMS 0x000000070cc00000, 0x000000070cc00000| Untracked 
|  64|0x000000070ce00000, 0x000000070ce00000, 0x000000070d000000|  0%| F|  |TAMS 0x000000070ce00000, 0x000000070ce00000| Untracked 
|  65|0x000000070d000000, 0x000000070d000000, 0x000000070d200000|  0%| F|  |TAMS 0x000000070d000000, 0x000000070d000000| Untracked 
|  66|0x000000070d200000, 0x000000070d200000, 0x000000070d400000|  0%| F|  |TAMS 0x000000070d200000, 0x000000070d200000| Untracked 
|  67|0x000000070d400000, 0x000000070d400000, 0x000000070d600000|  0%| F|  |TAMS 0x000000070d400000, 0x000000070d400000| Untracked 
|  68|0x000000070d600000, 0x000000070d600000, 0x000000070d800000|  0%| F|  |TAMS 0x000000070d600000, 0x000000070d600000| Untracked 
|  69|0x000000070d800000, 0x000000070d800000, 0x000000070da00000|  0%| F|  |TAMS 0x000000070d800000, 0x000000070d800000| Untracked 
|  70|0x000000070da00000, 0x000000070da00000, 0x000000070dc00000|  0%| F|  |TAMS 0x000000070da00000, 0x000000070da00000| Untracked 
|  71|0x000000070dc00000, 0x000000070dc00000, 0x000000070de00000|  0%| F|  |TAMS 0x000000070dc00000, 0x000000070dc00000| Untracked 
|  72|0x000000070de00000, 0x000000070de00000, 0x000000070e000000|  0%| F|  |TAMS 0x000000070de00000, 0x000000070de00000| Untracked 
|  73|0x000000070e000000, 0x000000070e000000, 0x000000070e200000|  0%| F|  |TAMS 0x000000070e000000, 0x000000070e000000| Untracked 
|  74|0x000000070e200000, 0x000000070e200000, 0x000000070e400000|  0%| F|  |TAMS 0x000000070e200000, 0x000000070e200000| Untracked 
|  75|0x000000070e400000, 0x000000070e400000, 0x000000070e600000|  0%| F|  |TAMS 0x000000070e400000, 0x000000070e400000| Untracked 
|  76|0x000000070e600000, 0x000000070e600000, 0x000000070e800000|  0%| F|  |TAMS 0x000000070e600000, 0x000000070e600000| Untracked 
|  77|0x000000070e800000, 0x000000070e800000, 0x000000070ea00000|  0%| F|  |TAMS 0x000000070e800000, 0x000000070e800000| Untracked 
|  78|0x000000070ea00000, 0x000000070ea00000, 0x000000070ec00000|  0%| F|  |TAMS 0x000000070ea00000, 0x000000070ea00000| Untracked 
|  79|0x000000070ec00000, 0x000000070ec00000, 0x000000070ee00000|  0%| F|  |TAMS 0x000000070ec00000, 0x000000070ec00000| Untracked 
|  80|0x000000070ee00000, 0x000000070ee00000, 0x000000070f000000|  0%| F|  |TAMS 0x000000070ee00000, 0x000000070ee00000| Untracked 
|  81|0x000000070f000000, 0x000000070f000000, 0x000000070f200000|  0%| F|  |TAMS 0x000000070f000000, 0x000000070f000000| Untracked 
|  82|0x000000070f200000, 0x000000070f200000, 0x000000070f400000|  0%| F|  |TAMS 0x000000070f200000, 0x000000070f200000| Untracked 
|  83|0x000000070f400000, 0x000000070f400000, 0x000000070f600000|  0%| F|  |TAMS 0x000000070f400000, 0x000000070f400000| Untracked 
|  84|0x000000070f600000, 0x000000070f600000, 0x000000070f800000|  0%| F|  |TAMS 0x000000070f600000, 0x000000070f600000| Untracked 
|  85|0x000000070f800000, 0x000000070f800000, 0x000000070fa00000|  0%| F|  |TAMS 0x000000070f800000, 0x000000070f800000| Untracked 
|  86|0x000000070fa00000, 0x000000070fa00000, 0x000000070fc00000|  0%| F|  |TAMS 0x000000070fa00000, 0x000000070fa00000| Untracked 
|  87|0x000000070fc00000, 0x000000070fc00000, 0x000000070fe00000|  0%| F|  |TAMS 0x000000070fc00000, 0x000000070fc00000| Untracked 
|  88|0x000000070fe00000, 0x000000070fe00000, 0x0000000710000000|  0%| F|  |TAMS 0x000000070fe00000, 0x000000070fe00000| Untracked 
|  89|0x0000000710000000, 0x0000000710000000, 0x0000000710200000|  0%| F|  |TAMS 0x0000000710000000, 0x0000000710000000| Untracked 
|  90|0x0000000710200000, 0x0000000710200000, 0x0000000710400000|  0%| F|  |TAMS 0x0000000710200000, 0x0000000710200000| Untracked 
|  91|0x0000000710400000, 0x0000000710400000, 0x0000000710600000|  0%| F|  |TAMS 0x0000000710400000, 0x0000000710400000| Untracked 
|  92|0x0000000710600000, 0x0000000710600000, 0x0000000710800000|  0%| F|  |TAMS 0x0000000710600000, 0x0000000710600000| Untracked 
|  93|0x0000000710800000, 0x0000000710800000, 0x0000000710a00000|  0%| F|  |TAMS 0x0000000710800000, 0x0000000710800000| Untracked 
|  94|0x0000000710a00000, 0x0000000710a00000, 0x0000000710c00000|  0%| F|  |TAMS 0x0000000710a00000, 0x0000000710a00000| Untracked 
|  95|0x0000000710c00000, 0x0000000710c00000, 0x0000000710e00000|  0%| F|  |TAMS 0x0000000710c00000, 0x0000000710c00000| Untracked 
|  96|0x0000000710e00000, 0x0000000710e00000, 0x0000000711000000|  0%| F|  |TAMS 0x0000000710e00000, 0x0000000710e00000| Untracked 
|  97|0x0000000711000000, 0x0000000711000000, 0x0000000711200000|  0%| F|  |TAMS 0x0000000711000000, 0x0000000711000000| Untracked 
|  98|0x0000000711200000, 0x0000000711200000, 0x0000000711400000|  0%| F|  |TAMS 0x0000000711200000, 0x0000000711200000| Untracked 
|  99|0x0000000711400000, 0x0000000711400000, 0x0000000711600000|  0%| F|  |TAMS 0x0000000711400000, 0x0000000711400000| Untracked 
| 100|0x0000000711600000, 0x0000000711600000, 0x0000000711800000|  0%| F|  |TAMS 0x0000000711600000, 0x0000000711600000| Untracked 
| 101|0x0000000711800000, 0x0000000711800000, 0x0000000711a00000|  0%| F|  |TAMS 0x0000000711800000, 0x0000000711800000| Untracked 
| 102|0x0000000711a00000, 0x0000000711a00000, 0x0000000711c00000|  0%| F|  |TAMS 0x0000000711a00000, 0x0000000711a00000| Untracked 
| 103|0x0000000711c00000, 0x0000000711c00000, 0x0000000711e00000|  0%| F|  |TAMS 0x0000000711c00000, 0x0000000711c00000| Untracked 
| 104|0x0000000711e00000, 0x0000000711e00000, 0x0000000712000000|  0%| F|  |TAMS 0x0000000711e00000, 0x0000000711e00000| Untracked 
| 105|0x0000000712000000, 0x0000000712000000, 0x0000000712200000|  0%| F|  |TAMS 0x0000000712000000, 0x0000000712000000| Untracked 
| 106|0x0000000712200000, 0x0000000712200000, 0x0000000712400000|  0%| F|  |TAMS 0x0000000712200000, 0x0000000712200000| Untracked 
| 107|0x0000000712400000, 0x0000000712400000, 0x0000000712600000|  0%| F|  |TAMS 0x0000000712400000, 0x0000000712400000| Untracked 
| 108|0x0000000712600000, 0x0000000712600000, 0x0000000712800000|  0%| F|  |TAMS 0x0000000712600000, 0x0000000712600000| Untracked 
| 109|0x0000000712800000, 0x0000000712800000, 0x0000000712a00000|  0%| F|  |TAMS 0x0000000712800000, 0x0000000712800000| Untracked 
| 110|0x0000000712a00000, 0x0000000712a00000, 0x0000000712c00000|  0%| F|  |TAMS 0x0000000712a00000, 0x0000000712a00000| Untracked 
| 111|0x0000000712c00000, 0x0000000712c00000, 0x0000000712e00000|  0%| F|  |TAMS 0x0000000712c00000, 0x0000000712c00000| Untracked 
| 112|0x0000000712e00000, 0x0000000712e00000, 0x0000000713000000|  0%| F|  |TAMS 0x0000000712e00000, 0x0000000712e00000| Untracked 
| 113|0x0000000713000000, 0x0000000713000000, 0x0000000713200000|  0%| F|  |TAMS 0x0000000713000000, 0x0000000713000000| Untracked 
| 114|0x0000000713200000, 0x0000000713200000, 0x0000000713400000|  0%| F|  |TAMS 0x0000000713200000, 0x0000000713200000| Untracked 
| 115|0x0000000713400000, 0x0000000713400000, 0x0000000713600000|  0%| F|  |TAMS 0x0000000713400000, 0x0000000713400000| Untracked 
| 116|0x0000000713600000, 0x0000000713600000, 0x0000000713800000|  0%| F|  |TAMS 0x0000000713600000, 0x0000000713600000| Untracked 
| 117|0x0000000713800000, 0x0000000713800000, 0x0000000713a00000|  0%| F|  |TAMS 0x0000000713800000, 0x0000000713800000| Untracked 
| 118|0x0000000713a00000, 0x0000000713a00000, 0x0000000713c00000|  0%| F|  |TAMS 0x0000000713a00000, 0x0000000713a00000| Untracked 
| 119|0x0000000713c00000, 0x0000000713c00000, 0x0000000713e00000|  0%| F|  |TAMS 0x0000000713c00000, 0x0000000713c00000| Untracked 
| 120|0x0000000713e00000, 0x0000000713e00000, 0x0000000714000000|  0%| F|  |TAMS 0x0000000713e00000, 0x0000000713e00000| Untracked 
| 121|0x0000000714000000, 0x0000000714156118, 0x0000000714200000| 66%| E|  |TAMS 0x0000000714000000, 0x0000000714000000| Complete 
| 122|0x0000000714200000, 0x0000000714400000, 0x0000000714400000|100%| E|CS|TAMS 0x0000000714200000, 0x0000000714200000| Complete 
| 123|0x0000000714400000, 0x0000000714600000, 0x0000000714600000|100%| E|CS|TAMS 0x0000000714400000, 0x0000000714400000| Complete 
| 124|0x0000000714600000, 0x0000000714800000, 0x0000000714800000|100%| E|CS|TAMS 0x0000000714600000, 0x0000000714600000| Complete 
| 125|0x0000000714800000, 0x0000000714a00000, 0x0000000714a00000|100%| E|CS|TAMS 0x0000000714800000, 0x0000000714800000| Complete 

Card table byte_map: [0x0000013725440000,0x0000013725c20000] _byte_map_base: 0x0000013721c19000

Marking Bits (Prev, Next): (CMBitMap*) 0x000001370bc71960, (CMBitMap*) 0x000001370bc719a0
 Prev Bits: [0x0000013726400000, 0x000001372a2c8000)
 Next Bits: [0x000001372a2d0000, 0x000001372e198000)

Polling page: 0x0000013709c00000

Metaspace:

Usage:
  Non-class:      2.81 MB used.
      Class:    236.63 KB used.
       Both:      3.05 MB used.

Virtual space:
  Non-class space:       64.00 MB reserved,       2.88 MB (  4%) committed,  1 nodes.
      Class space:        1.00 GB reserved,     320.00 KB ( <1%) committed,  1 nodes.
             Both:        1.06 GB reserved,       3.19 MB ( <1%) committed. 

Chunk freelists:
   Non-Class:  11.14 MB
       Class:  15.67 MB
        Both:  26.81 MB

MaxMetaspaceSize: unlimited
CompressedClassSpaceSize: 1.00 GB
Initial GC threshold: 21.00 MB
Current GC threshold: 21.00 MB
CDS: on
MetaspaceReclaimPolicy: balanced
 - commit_granule_bytes: 65536.
 - commit_granule_words: 8192.
 - virtual_space_node_default_size: 8388608.
 - enlarge_chunks_in_place: 1.
 - new_chunks_are_fully_committed: 0.
 - uncommit_free_chunks: 1.
 - use_allocation_guard: 0.
 - handle_deallocations: 1.


Internal statistics:

num_allocs_failed_limit: 0.
num_arena_births: 64.
num_arena_deaths: 0.
num_vsnodes_births: 2.
num_vsnodes_deaths: 0.
num_space_committed: 51.
num_space_uncommitted: 0.
num_chunks_returned_to_freelist: 0.
num_chunks_taken_from_freelist: 118.
num_chunk_merges: 0.
num_chunk_splits: 72.
num_chunks_enlarged: 45.
num_inconsistent_stats: 0.

CodeHeap 'non-profiled nmethods': size=119488Kb used=188Kb max_used=188Kb free=119299Kb
 bounds [0x000001371d480000, 0x000001371d6f0000, 0x0000013724930000]
CodeHeap 'profiled nmethods': size=119424Kb used=1186Kb max_used=1186Kb free=118237Kb
 bounds [0x0000013715930000, 0x0000013715ba0000, 0x000001371cdd0000]
CodeHeap 'non-nmethods': size=6848Kb used=2302Kb max_used=2309Kb free=4545Kb
 bounds [0x000001371cdd0000, 0x000001371d040000, 0x000001371d480000]
 total_blobs=1164 nmethods=708 adapters=375
 compilation: enabled
              stopped_count=0, restarted_count=0
 full_count=0

JVMCI Events (20 events):
Event: 0.131 Thread 0x000001377600ba70 created new CompileBroker JVMCI runtime 0 (0x0000013776185a20)
Event: 0.131 Thread 0x000001377600ba70 attached to JVMCI runtime 0
Event: 0.135 Thread 0x000001377600ba70 loaded JVMCI shared library from C:\Users\santiago.barreiro\.jdks\graalvm-jdk-17.0.9\bin\jvmcicompiler.dll
Event: 0.138 Thread 0x000001377600ba70 created JavaVM[1]@0x00000137770978f0 for JVMCI runtime 0
Event: 0.138 Thread 0x000001377600ba70 initializing JVMCI runtime 0
Event: 0.138 Thread 0x000001377600ba70 initializing JavaVM references in JVMCI runtime 0
Event: 0.138 Thread 0x000001377600ba70 initialized JavaVM references in JVMCI runtime 0
Event: 0.175 Thread 0x000001377600ba70 initialized JVMCI runtime 0
Event: 0.202 Thread 0x000001377600ba70 compacted oop handles in JVMCI runtime 0 from 47 to 36
Event: 0.218 Thread 0x000001377600ba70 compacted oop handles in JVMCI runtime 0 from 48 to 43
Event: 0.228 Thread 0x000001377600ba70 compacted oop handles in JVMCI runtime 0 from 55 to 54
Event: 0.228 Thread 0x000001377600ba70 compacted oop handles in JVMCI runtime 0 from 55 to 41
Event: 0.229 Thread 0x000001377600ba70 compacted oop handles in JVMCI runtime 0 from 42 to 41
Event: 0.231 Thread 0x000001377600ba70 compacted oop handles in JVMCI runtime 0 from 43 to 42
Event: 0.237 Thread 0x000001377600ba70 compacted oop handles in JVMCI runtime 0 from 49 to 48
Event: 0.243 Thread 0x000001377600ba70 compacted oop handles in JVMCI runtime 0 from 53 to 39
Event: 0.267 Thread 0x000001377600ba70 compacted oop handles in JVMCI runtime 0 from 65 to 43
Event: 0.274 Thread 0x000001377600ba70 compacted oop handles in JVMCI runtime 0 from 63 to 57
Event: 0.278 Thread 0x000001377600ba70 compacted oop handles in JVMCI runtime 0 from 60 to 40
Event: 0.280 Thread 0x000001377600ba70 compacted oop handles in JVMCI runtime 0 from 52 to 50

Compilation events (20 events):
Event: 0.324 Thread 0x0000013730c03a70  697   !   3       java.util.zip.ZipFile$Source::getEntryPos (173 bytes)
Event: 0.324 Thread 0x00000137760153b0  698       3       java.util.zip.ZipUtils::CENSIZ (9 bytes)
Event: 0.324 Thread 0x0000013776132af0  699       3       sun.net.www.ParseUtil::firstEncodeIndex (86 bytes)
Event: 0.324 Thread 0x00000137760153b0 nmethod 698 0x0000013715a51c90 code [0x0000013715a51e40, 0x0000013715a52118]
Event: 0.324 Thread 0x00000137760153b0  700       3       java.net.URLStreamHandler::setURL (73 bytes)
Event: 0.324 Thread 0x0000013776132af0 nmethod 699 0x0000013715a52290 code [0x0000013715a524e0, 0x0000013715a52ec8]
Event: 0.324 Thread 0x0000013776132af0  701   !   3       java.net.URL::set (114 bytes)
Event: 0.325 Thread 0x0000013730c03a70 nmethod 697 0x0000013715a53290 code [0x0000013715a53580, 0x0000013715a547a8]
Event: 0.325 Thread 0x0000013776132af0 nmethod 701 0x0000013715a55190 code [0x0000013715a553e0, 0x0000013715a55ed8]
Event: 0.325 Thread 0x00000137760153b0 nmethod 700 0x0000013715a56290 code [0x0000013715a56560, 0x0000013715a57398]
Event: 0.325 Thread 0x00000137760153b0  702       1       java.security.CodeSource::getLocation (5 bytes)
Event: 0.325 Thread 0x00000137760153b0 nmethod 702 0x000001371d4ac290 code [0x000001371d4ac420, 0x000001371d4ac4f8]
Event: 0.325 Thread 0x0000013730c03a70  704       3       java.lang.Integer::toUnsignedLong (7 bytes)
Event: 0.325 Thread 0x0000013776132af0  705       3       sun.misc.Unsafe::putLong (11 bytes)
Event: 0.325 Thread 0x0000013730c03a70 nmethod 704 0x0000013715a57890 code [0x0000013715a57a20, 0x0000013715a57b18]
Event: 0.325 Thread 0x00000137760153b0  706       3       org.lwjgl.system.MemoryUtil::memPutAddress (29 bytes)
Event: 0.326 Thread 0x0000013776132af0 nmethod 705 0x0000013715a57b90 code [0x0000013715a57d20, 0x0000013715a57e38]
Event: 0.326 Thread 0x00000137760153b0 nmethod 706 0x0000013715a57f10 code [0x0000013715a580a0, 0x0000013715a58218]
Event: 0.326 Thread 0x0000013730c03a70  708       3       java.io.RandomAccessFile::readFully (45 bytes)
Event: 0.326 Thread 0x0000013730c03a70 nmethod 708 0x0000013715a58310 code [0x0000013715a584e0, 0x0000013715a58858]

GC Heap History (0 events):
No events

Dll operation events (9 events):
Event: 0.039 Loaded shared library C:\Users\santiago.barreiro\.jdks\graalvm-jdk-17.0.9\bin\java.dll
Event: 0.061 Loaded shared library C:\Users\santiago.barreiro\.jdks\graalvm-jdk-17.0.9\bin\jsvml.dll
Event: 0.135 Loaded shared library C:\Users\santiago.barreiro\.jdks\graalvm-jdk-17.0.9\bin\jvmcicompiler.dll
Event: 0.137 Loaded shared library C:\Users\santiago.barreiro\.jdks\graalvm-jdk-17.0.9\bin\net.dll
Event: 0.139 Loaded shared library C:\Users\santiago.barreiro\.jdks\graalvm-jdk-17.0.9\bin\nio.dll
Event: 0.141 Loaded shared library C:\Users\santiago.barreiro\.jdks\graalvm-jdk-17.0.9\bin\zip.dll
Event: 0.149 Loaded shared library C:\Users\santiago.barreiro\.jdks\graalvm-jdk-17.0.9\bin\jimage.dll
Event: 0.222 Loaded shared library C:\Users\santiago.barreiro\AppData\Local\Temp\lwjgl_santiago.barreiro\3.3.3+5\x64\lwjgl.dll
Event: 0.301 Loaded shared library C:\Users\santiago.barreiro\AppData\Local\Temp\lwjgl_santiago.barreiro\3.3.3+5\x64\lwjgl_opengl.dll

Deoptimization events (20 events):
Event: 0.304 Thread 0x000001370bc072a0 DEOPT PACKING pc=0x00000137159f66c8 sp=0x00000024c66fd8f0
Event: 0.304 Thread 0x000001370bc072a0 DEOPT UNPACKING pc=0x000001371ce2b1c5 sp=0x00000024c66fcd68 mode 0
Event: 0.305 Thread 0x000001370bc072a0 DEOPT PACKING pc=0x00000137159f66c8 sp=0x00000024c66fd8f0
Event: 0.305 Thread 0x000001370bc072a0 DEOPT UNPACKING pc=0x000001371ce2b1c5 sp=0x00000024c66fcd68 mode 0
Event: 0.306 Thread 0x000001370bc072a0 DEOPT PACKING pc=0x00000137159f66c8 sp=0x00000024c66fd8f0
Event: 0.306 Thread 0x000001370bc072a0 DEOPT UNPACKING pc=0x000001371ce2b1c5 sp=0x00000024c66fcd68 mode 0
Event: 0.307 Thread 0x000001370bc072a0 DEOPT PACKING pc=0x00000137159f66c8 sp=0x00000024c66fd8f0
Event: 0.307 Thread 0x000001370bc072a0 DEOPT UNPACKING pc=0x000001371ce2b1c5 sp=0x00000024c66fcd68 mode 0
Event: 0.308 Thread 0x000001370bc072a0 DEOPT PACKING pc=0x00000137159f66c8 sp=0x00000024c66fd8f0
Event: 0.308 Thread 0x000001370bc072a0 DEOPT UNPACKING pc=0x000001371ce2b1c5 sp=0x00000024c66fcd68 mode 0
Event: 0.309 Thread 0x000001370bc072a0 DEOPT PACKING pc=0x00000137159f66c8 sp=0x00000024c66fd8f0
Event: 0.309 Thread 0x000001370bc072a0 DEOPT UNPACKING pc=0x000001371ce2b1c5 sp=0x00000024c66fcd68 mode 0
Event: 0.310 Thread 0x000001370bc072a0 DEOPT PACKING pc=0x00000137159f66c8 sp=0x00000024c66fd8f0
Event: 0.310 Thread 0x000001370bc072a0 DEOPT UNPACKING pc=0x000001371ce2b1c5 sp=0x00000024c66fcd68 mode 0
Event: 0.311 Thread 0x000001370bc072a0 DEOPT PACKING pc=0x00000137159f66c8 sp=0x00000024c66fd8f0
Event: 0.311 Thread 0x000001370bc072a0 DEOPT UNPACKING pc=0x000001371ce2b1c5 sp=0x00000024c66fcd68 mode 0
Event: 0.312 Thread 0x000001370bc072a0 DEOPT PACKING pc=0x00000137159f66c8 sp=0x00000024c66fd8f0
Event: 0.312 Thread 0x000001370bc072a0 DEOPT UNPACKING pc=0x000001371ce2b1c5 sp=0x00000024c66fcd68 mode 0
Event: 0.312 Thread 0x000001370bc072a0 DEOPT PACKING pc=0x00000137159f66c8 sp=0x00000024c66fd8f0
Event: 0.312 Thread 0x000001370bc072a0 DEOPT UNPACKING pc=0x000001371ce2b1c5 sp=0x00000024c66fcd68 mode 0

Classes unloaded (0 events):
No events

Classes redefined (0 events):
No events

Internal exceptions (18 events):
Event: 0.177 Thread 0x000001370bc072a0 Exception <a 'java/lang/NoSuchMethodError'{0x00000007145e2550}: 'java.lang.Object java.lang.invoke.DirectMethodHandle$Holder.invokeStaticInit(java.lang.Object)'> (0x00000007145e2550) 
thrown [s\src\hotspot\share\interpreter\linkResolver.cpp, line 759]
Event: 0.186 Thread 0x000001370bc072a0 Exception <a 'java/lang/NoSuchMethodError'{0x0000000714237eb8}: 'void java.lang.invoke.DirectMethodHandle$Holder.invokeStatic(java.lang.Object, java.lang.Object)'> (0x0000000714237eb8) 
thrown [s\src\hotspot\share\interpreter\linkResolver.cpp, line 759]
Event: 0.187 Thread 0x000001370bc072a0 Exception <a 'java/lang/NoSuchMethodError'{0x000000071423ced8}: 'void java.lang.invoke.DirectMethodHandle$Holder.invokeSpecial(java.lang.Object, java.lang.Object, java.lang.Object)'> (0x000000071423ced8) 
thrown [s\src\hotspot\share\interpreter\linkResolver.cpp, line 759]
Event: 0.189 Thread 0x000001370bc072a0 Exception <a 'java/lang/NoSuchMethodError'{0x000000071424fc70}: 'java.lang.Object java.lang.invoke.DirectMethodHandle$Holder.invokeStatic(java.lang.Object, java.lang.Object, int)'> (0x000000071424fc70) 
thrown [s\src\hotspot\share\interpreter\linkResolver.cpp, line 759]
Event: 0.191 Thread 0x000001370bc072a0 Exception <a 'java/lang/NoSuchMethodError'{0x000000071425b9e0}: 'void java.lang.invoke.DelegatingMethodHandle$Holder.delegate(java.lang.Object, java.lang.Object, int, java.lang.Object)'> (0x000000071425b9e0) 
thrown [s\src\hotspot\share\interpreter\linkResolver.cpp, line 759]
Event: 0.192 Thread 0x000001370bc072a0 Exception <a 'java/lang/NoSuchMethodError'{0x000000071425fa18}: 'int java.lang.invoke.DirectMethodHandle$Holder.invokeSpecial(java.lang.Object, java.lang.Object, java.lang.Object)'> (0x000000071425fa18) 
thrown [s\src\hotspot\share\interpreter\linkResolver.cpp, line 759]
Event: 0.219 Thread 0x000001370bc072a0 Exception <a 'sun/nio/fs/WindowsException'{0x00000007142d5700}> (0x00000007142d5700) 
thrown [s\src\hotspot\share\prims\jni.cpp, line 516]
Event: 0.220 Thread 0x000001370bc072a0 Exception <a 'sun/nio/fs/WindowsException'{0x00000007142d5cc0}> (0x00000007142d5cc0) 
thrown [s\src\hotspot\share\prims\jni.cpp, line 516]
Event: 0.268 Thread 0x000001370bc072a0 Exception <a 'java/lang/NoSuchMethodError'{0x0000000714397fc8}: 'int java.lang.invoke.DirectMethodHandle$Holder.invokeStaticInit(java.lang.Object, java.lang.Object, int, long)'> (0x0000000714397fc8) 
thrown [s\src\hotspot\share\interpreter\linkResolver.cpp, line 759]
Event: 0.269 Thread 0x000001370bc072a0 Exception <a 'java/lang/NoSuchMethodError'{0x000000071439d9b0}: 'java.lang.Object java.lang.invoke.DirectMethodHandle$Holder.newInvokeSpecial(java.lang.Object, java.lang.Object, int)'> (0x000000071439d9b0) 
thrown [s\src\hotspot\share\interpreter\linkResolver.cpp, line 759]
Event: 0.271 Thread 0x000001370bc072a0 Exception <a 'java/lang/NoSuchMethodError'{0x00000007143ae658}: 'int java.lang.invoke.DirectMethodHandle$Holder.invokeStaticInit(java.lang.Object, java.lang.Object, long, long)'> (0x00000007143ae658) 
thrown [s\src\hotspot\share\interpreter\linkResolver.cpp, line 759]
Event: 0.271 Thread 0x000001370bc072a0 Exception <a 'java/lang/NoSuchMethodError'{0x00000007143b4888}: 'java.lang.Object java.lang.invoke.DirectMethodHandle$Holder.newInvokeSpecial(java.lang.Object, java.lang.Object, long)'> (0x00000007143b4888) 
thrown [s\src\hotspot\share\interpreter\linkResolver.cpp, line 759]
Event: 0.271 Thread 0x000001370bc072a0 Exception <a 'java/lang/NoSuchMethodError'{0x00000007143b88d0}: 'java.lang.Object java.lang.invoke.Invokers$Holder.linkToTargetMethod(java.lang.Object, long, java.lang.Object)'> (0x00000007143b88d0) 
thrown [s\src\hotspot\share\interpreter\linkResolver.cpp, line 759]
Event: 0.272 Thread 0x000001370bc072a0 Exception <a 'java/lang/NoSuchMethodError'{0x00000007143bffe8}: 'int java.lang.invoke.DirectMethodHandle$Holder.invokeStaticInit(java.lang.Object, java.lang.Object, java.lang.Object, long)'> (0x00000007143bffe8) 
thrown [s\src\hotspot\share\interpreter\linkResolver.cpp, line 759]
Event: 0.299 Thread 0x000001370bc072a0 Exception <a 'sun/nio/fs/WindowsException'{0x00000007140828c8}> (0x00000007140828c8) 
thrown [s\src\hotspot\share\prims\jni.cpp, line 516]
Event: 0.299 Thread 0x000001370bc072a0 Exception <a 'sun/nio/fs/WindowsException'{0x0000000714082cd8}> (0x0000000714082cd8) 
thrown [s\src\hotspot\share\prims\jni.cpp, line 516]
Event: 0.315 Thread 0x000001370bc072a0 Exception <a 'sun/nio/fs/WindowsException'{0x000000071408f020}> (0x000000071408f020) 
thrown [s\src\hotspot\share\prims\jni.cpp, line 516]
Event: 0.315 Thread 0x000001370bc072a0 Exception <a 'sun/nio/fs/WindowsException'{0x000000071408f370}> (0x000000071408f370) 
thrown [s\src\hotspot\share\prims\jni.cpp, line 516]

VM Operations (4 events):
Event: 0.115 Executing VM operation: HandshakeAllThreads
Event: 0.115 Executing VM operation: HandshakeAllThreads done
Event: 0.213 Executing VM operation: HandshakeAllThreads
Event: 0.213 Executing VM operation: HandshakeAllThreads done

Events (20 events):
Event: 0.262 loading class sun/misc/Unsafe
Event: 0.262 loading class sun/misc/Unsafe done
Event: 0.262 loading class jdk/internal/reflect/UnsafeFieldAccessorFactory
Event: 0.262 loading class jdk/internal/reflect/UnsafeFieldAccessorFactory done
Event: 0.263 loading class jdk/internal/reflect/UnsafeQualifiedStaticObjectFieldAccessorImpl
Event: 0.263 loading class jdk/internal/reflect/UnsafeQualifiedStaticFieldAccessorImpl
Event: 0.263 loading class jdk/internal/reflect/UnsafeQualifiedStaticFieldAccessorImpl done
Event: 0.263 loading class jdk/internal/reflect/UnsafeQualifiedStaticObjectFieldAccessorImpl done
Event: 0.267 loading class java/util/function/LongPredicate
Event: 0.267 loading class java/util/function/LongPredicate done
Event: 0.269 loading class jdk/internal/access/foreign/MemorySegmentProxy
Event: 0.269 loading class jdk/internal/access/foreign/MemorySegmentProxy done
Event: 0.273 loading class java/nio/InvalidMarkException
Event: 0.274 loading class java/nio/InvalidMarkException done
Event: 0.274 loading class java/nio/BufferUnderflowException
Event: 0.274 loading class java/nio/BufferUnderflowException done
Event: 0.314 loading class java/lang/NoSuchFieldError
Event: 0.314 loading class java/lang/NoSuchFieldError done
Event: 0.323 loading class java/util/Formatter$FixedString
Event: 0.323 loading class java/util/Formatter$FixedString done


Dynamic libraries:
0x00007ff6bfa70000 - 0x00007ff6bfa7e000 	C:\Users\santiago.barreiro\.jdks\graalvm-jdk-17.0.9\bin\java.exe
0x00007ff8eb910000 - 0x00007ff8ebb08000 	C:\windows\SYSTEM32\ntdll.dll
0x00007ff8eaa00000 - 0x00007ff8eaabd000 	C:\windows\System32\KERNEL32.DLL
0x00007ff8e9100000 - 0x00007ff8e93f6000 	C:\windows\System32\KERNELBASE.dll
0x00007ff8e96f0000 - 0x00007ff8e97f0000 	C:\windows\System32\ucrtbase.dll
0x00007ff8de0c0000 - 0x00007ff8de0d7000 	C:\Users\santiago.barreiro\.jdks\graalvm-jdk-17.0.9\bin\jli.dll
0x00007ff8ea480000 - 0x00007ff8ea61e000 	C:\windows\System32\USER32.dll
0x00007ff8de110000 - 0x00007ff8de12b000 	C:\Users\santiago.barreiro\.jdks\graalvm-jdk-17.0.9\bin\VCRUNTIME140.dll
0x00007ff8e90a0000 - 0x00007ff8e90c2000 	C:\windows\System32\win32u.dll
0x00007ff8eabe0000 - 0x00007ff8eac0b000 	C:\windows\System32\GDI32.dll
0x00007ff8e95d0000 - 0x00007ff8e96e7000 	C:\windows\System32\gdi32full.dll
0x00007ff8e97f0000 - 0x00007ff8e988d000 	C:\windows\System32\msvcp_win.dll
0x00007ff8e8140000 - 0x00007ff8e83da000 	C:\windows\WinSxS\amd64_microsoft.windows.common-controls_6595b64144ccf1df_6.0.19041.3636_none_60b6a03d71f818d5\COMCTL32.dll
0x00007ff8eacb0000 - 0x00007ff8ead4e000 	C:\windows\System32\msvcrt.dll
0x00007ff8e9bf0000 - 0x00007ff8e9c22000 	C:\windows\System32\IMM32.DLL
0x00007ff8e3420000 - 0x00007ff8e342c000 	C:\Users\santiago.barreiro\.jdks\graalvm-jdk-17.0.9\bin\vcruntime140_1.dll
0x00007ff8cb110000 - 0x00007ff8cb19e000 	C:\Users\santiago.barreiro\.jdks\graalvm-jdk-17.0.9\bin\msvcp140.dll
0x00007ff89bd90000 - 0x00007ff89c968000 	C:\Users\santiago.barreiro\.jdks\graalvm-jdk-17.0.9\bin\server\jvm.dll
0x00007ff8eab30000 - 0x00007ff8eabe0000 	C:\windows\System32\ADVAPI32.dll
0x00007ff8eac10000 - 0x00007ff8eacb0000 	C:\windows\System32\sechost.dll
0x00007ff8e99a0000 - 0x00007ff8e9ac5000 	C:\windows\System32\RPCRT4.dll
0x00007ff8e90d0000 - 0x00007ff8e90f7000 	C:\windows\System32\bcrypt.dll
0x00007ff8e8ca0000 - 0x00007ff8e8ceb000 	C:\windows\SYSTEM32\POWRPROF.dll
0x00007ff8d5cd0000 - 0x00007ff8d5cd9000 	C:\windows\SYSTEM32\WSOCK32.dll
0x00007ff8eaac0000 - 0x00007ff8eab2b000 	C:\windows\System32\WS2_32.dll
0x00007ff8d5350000 - 0x00007ff8d5377000 	C:\windows\SYSTEM32\WINMM.dll
0x00007ff8e07f0000 - 0x00007ff8e07fa000 	C:\windows\SYSTEM32\VERSION.dll
0x00007ff8e8540000 - 0x00007ff8e8552000 	C:\windows\SYSTEM32\UMPDC.dll
0x00007ff8e6f70000 - 0x00007ff8e6f82000 	C:\windows\SYSTEM32\kernel.appcore.dll
0x00007ff8e2560000 - 0x00007ff8e256a000 	C:\Users\santiago.barreiro\.jdks\graalvm-jdk-17.0.9\bin\jimage.dll
0x00007ff8e8780000 - 0x00007ff8e8964000 	C:\windows\SYSTEM32\DBGHELP.DLL
0x00007ff8e8710000 - 0x00007ff8e8744000 	C:\windows\SYSTEM32\dbgcore.DLL
0x00007ff8e9010000 - 0x00007ff8e9092000 	C:\windows\System32\bcryptPrimitives.dll
0x00007ff8db190000 - 0x00007ff8db1b5000 	C:\Users\santiago.barreiro\.jdks\graalvm-jdk-17.0.9\bin\java.dll
0x00007ff8caec0000 - 0x00007ff8caf97000 	C:\Users\santiago.barreiro\.jdks\graalvm-jdk-17.0.9\bin\jsvml.dll
0x00007ff8eb0b0000 - 0x00007ff8eb81b000 	C:\windows\System32\SHELL32.dll
0x00007ff8e64d0000 - 0x00007ff8e6c6e000 	C:\windows\SYSTEM32\windows.storage.dll
0x00007ff8ead50000 - 0x00007ff8eb0a3000 	C:\windows\System32\combase.dll
0x00007ff8e8110000 - 0x00007ff8e813e000 	C:\windows\SYSTEM32\Wldp.dll
0x00007ff8e9db0000 - 0x00007ff8e9e7d000 	C:\windows\System32\OLEAUT32.dll
0x00007ff8eb820000 - 0x00007ff8eb8cd000 	C:\windows\System32\SHCORE.dll
0x00007ff8ea9a0000 - 0x00007ff8ea9f5000 	C:\windows\System32\shlwapi.dll
0x00007ff8e8ef0000 - 0x00007ff8e8f15000 	C:\windows\SYSTEM32\profapi.dll
0x00007ff898dd0000 - 0x00007ff89b09c000 	C:\Users\santiago.barreiro\.jdks\graalvm-jdk-17.0.9\bin\jvmcicompiler.dll
0x00007ff8ea680000 - 0x00007ff8ea688000 	C:\windows\System32\PSAPI.DLL
0x00007ff8e9400000 - 0x00007ff8e955d000 	C:\windows\System32\CRYPT32.dll
0x00007ff8e7ff0000 - 0x00007ff8e805a000 	C:\windows\SYSTEM32\MSWSOCK.dll
0x00007ff8e8e70000 - 0x00007ff8e8e9e000 	C:\windows\SYSTEM32\USERENV.dll
0x00007ff8e8420000 - 0x00007ff8e8448000 	C:\windows\SYSTEM32\ncrypt.dll
0x00007ff8e7be0000 - 0x00007ff8e7c1b000 	C:\windows\SYSTEM32\IPHLPAPI.DLL
0x00007ff8e83e0000 - 0x00007ff8e841b000 	C:\windows\SYSTEM32\NTASN1.dll
0x00007ff8db9e0000 - 0x00007ff8db9f9000 	C:\Users\santiago.barreiro\.jdks\graalvm-jdk-17.0.9\bin\net.dll
0x00007ff8e2230000 - 0x00007ff8e233a000 	C:\windows\SYSTEM32\WINHTTP.dll
0x00007ff8db7c0000 - 0x00007ff8db7d6000 	C:\Users\santiago.barreiro\.jdks\graalvm-jdk-17.0.9\bin\nio.dll
0x00007ff8db6e0000 - 0x00007ff8db6f8000 	C:\Users\santiago.barreiro\.jdks\graalvm-jdk-17.0.9\bin\zip.dll
0x00007ff8ac050000 - 0x00007ff8ac0cb000 	C:\Users\santiago.barreiro\AppData\Local\Temp\lwjgl_santiago.barreiro\3.3.3+5\x64\lwjgl.dll
0x00007ff8abff0000 - 0x00007ff8ac04e000 	C:\Users\santiago.barreiro\AppData\Local\Temp\lwjgl_santiago.barreiro\3.3.3+5\x64\lwjgl_opengl.dll
0x00007ff8b63e0000 - 0x00007ff8b6505000 	C:\windows\SYSTEM32\opengl32.dll
0x00007ff8b6940000 - 0x00007ff8b696c000 	C:\windows\SYSTEM32\GLU32.dll

dbghelp: loaded successfully - version: 4.0.5 - missing functions: none
symbol engine: initialized successfully - sym options: 0x614 - pdb path: .;C:\Users\santiago.barreiro\.jdks\graalvm-jdk-17.0.9\bin;C:\windows\SYSTEM32;C:\windows\WinSxS\amd64_microsoft.windows.common-controls_6595b64144ccf1df_6.0.19041.3636_none_60b6a03d71f818d5;C:\Users\santiago.barreiro\.jdks\graalvm-jdk-17.0.9\bin\server;C:\Users\santiago.barreiro\AppData\Local\Temp\lwjgl_santiago.barreiro\3.3.3+5\x64

VM Arguments:
jvm_args: -XX:ThreadPriorityPolicy=1 -XX:+UnlockExperimentalVMOptions -XX:+EnableJVMCIProduct -XX:-UnlockExperimentalVMOptions -Dfile.encoding=UTF-8 -Duser.country=ES -Duser.language=es -Duser.variant 
java_command: esp.AppLauncher
java_class_path (initial): C:\Users\santiago.barreiro\IdeaProjects\Espabilarium_Task_Manager\_desktop_app\build\classes\java\main;C:\Users\santiago.barreiro\IdeaProjects\Espabilarium_Task_Manager\_desktop_app\build\resources\main;C:\Users\santiago.barreiro\.gradle\caches\modules-2\files-2.1\io.github.spair\imgui-java-app\1.86.11\ff00e7e3d0141cf98bc81dc55a5dbd3c2dababfa\imgui-java-app-1.86.11.jar;C:\Users\santiago.barreiro\.gradle\caches\modules-2\files-2.1\io.github.spair\imgui-java-lwjgl3\1.86.11\7f6657336844bd5a5321ca4987ff1e5476df5aeb\imgui-java-lwjgl3-1.86.11.jar;C:\Users\santiago.barreiro\.gradle\caches\modules-2\files-2.1\io.github.spair\imgui-java-binding\1.86.11\9f6655bb12d271cb8c63e4394aa697ded1eae48\imgui-java-binding-1.86.11.jar;C:\Users\santiago.barreiro\.gradle\caches\modules-2\files-2.1\org.mongodb\mongodb-driver-sync\5.0.1\3723fc6a032986dc4cb1c4929bafa85ce9f93950\mongodb-driver-sync-5.0.1.jar;C:\Users\santiago.barreiro\.gradle\caches\modules-2\files-2.1\org.joml\joml\1.10.5\22566d58af70ad3d72308bab63b8339906deb649\joml-1.10.5.jar;C:\Users\santiago.barreiro\.gradle\caches\modules-2\files-2.1\com.google.code.gson\gson\2.10.1\b3add478d4382b78ea20b1671390a858002feb6c\gson-2.10.1.jar;C:\Users\santiago.barreiro\.gradle\caches\modules-2\files-2.1\org.lwjgl\lwjgl-glfw\3.3.3\efa1eb78c5ccd840e9f329717109b5e892d72f8e\lwjgl-glfw-3.3.3.jar;C:\Users\santiago.barreiro\.gradle\caches\modules-2\files-2.1\org.lwjgl\lwjgl-glfw\3.3.3\e449e28b4891fc423c54c85fbc5bb0b9efece67a\lwjgl-glfw-3.3.3-natives-windows.jar;C:\Users\santiago.barreiro\.gradle\caches\modules-2\files-2.1\org.lwjgl\lwjgl-glfw\3.3.3\a03684c5e4b1b1dbbe0d29dbbdc27b985b6840f2\lwjgl-glfw-3.3.3-natives-linux.jar;C:\Users\santiago.barreiro\.gradle\caches\modules-2\files-2.1\org.lwjgl\lwjgl-glfw\3.3.3\a1bf400f6bc64e6195596cb1430dafda46090751\lwjgl-glfw-3.3.3-natives-macos.jar;C:\Users\santiago.barreiro\.gradle\caches\modules-2\files-2.1\org.lwjgl\lwjgl-nfd\3.3.3\f1b41d3a0a2f5cd2a55a6a59a618c87d0348681c\lwjgl-nf
Launcher Type: SUN_STANDARD

[Global flags]
     intx CICompilerCount                          = 4                                         {product} {ergonomic}
     uint ConcGCThreads                            = 2                                         {product} {ergonomic}
     bool EnableJVMCIProduct                       = true                                {JVMCI product} {jimage}
     uint G1ConcRefinementThreads                  = 8                                         {product} {ergonomic}
   size_t G1HeapRegionSize                         = 2097152                                   {product} {ergonomic}
    uintx GCDrainStackTargetSize                   = 64                                        {product} {ergonomic}
   size_t InitialHeapSize                          = 264241152                                 {product} {ergonomic}
   size_t MarkStackSize                            = 4194304                                   {product} {ergonomic}
   size_t MaxHeapSize                              = 4213178368                                {product} {ergonomic}
   size_t MaxNewSize                               = 2527068160                                {product} {ergonomic}
   size_t MinHeapDeltaBytes                        = 2097152                                   {product} {ergonomic}
   size_t MinHeapSize                              = 8388608                                   {product} {ergonomic}
    uintx NonNMethodCodeHeapSize                   = 6979620                                {pd product} {ergonomic}
    uintx NonProfiledCodeHeapSize                  = 122339310                              {pd product} {ergonomic}
    uintx ProfiledCodeHeapSize                     = 122339310                              {pd product} {ergonomic}
    uintx ReservedCodeCacheSize                    = 251658240                              {pd product} {ergonomic}
     bool SegmentedCodeCache                       = true                                      {product} {ergonomic}
   size_t SoftMaxHeapSize                          = 4213178368                             {manageable} {ergonomic}
     intx ThreadPriorityPolicy                     = 1                                         {product} {jimage}
     bool UseCompressedClassPointers               = true                           {product lp64_product} {ergonomic}
     bool UseCompressedOops                        = true                           {product lp64_product} {ergonomic}
     bool UseG1GC                                  = true                                      {product} {ergonomic}
     bool UseLargePagesIndividualAllocation        = false                                  {pd product} {ergonomic}

Logging:
Log output configuration:
 #0: stdout all=warning uptime,level,tags
 #1: stderr all=off uptime,level,tags

Environment Variables:
PATH=C:\Program Files (x86)\Common Files\Oracle\Java\javapath;C:\windows\system32;C:\windows;C:\windows\System32\Wbem;C:\windows\System32\WindowsPowerShell\v1.0\;C:\windows\System32\OpenSSH\;C:\Program Files\Git\cmd;C:\Proyectos\Node\nvm;C:\Proyectos\Node\Node.js;C:\Proyectos\content-toolkit\23.7.1\sites\node_modules\.bin;C:\Program Files\TortoiseSVN\bin;C:\Python\3.10\Scripts\;C:\Python\3.10\;C:\Users\santiago.barreiro\AppData\Local\Microsoft\WindowsApps;C:\Programas\Microsoft VS Code\bin;C:\Proyectos\Node\nvm;C:\Proyectos\Node\Node.js;
USERNAME=santiago.barreiro
OS=Windows_NT
PROCESSOR_IDENTIFIER=Intel64 Family 6 Model 140 Stepping 1, GenuineIntel
TMP=C:\Users\SANTIA~1.BAR\AppData\Local\Temp
TEMP=C:\Users\SANTIA~1.BAR\AppData\Local\Temp



Periodic native trim disabled


---------------  S Y S T E M  ---------------

OS:
 Windows 10 , 64 bit Build 19041 (10.0.19041.3636)
OS uptime: 2 days 6:40 hours
Hyper-V role detected

CPU: total 8 (initial active 8) (4 cores per cpu, 2 threads per core) family 6 model 140 stepping 1 microcode 0xae, cx8, cmov, fxsr, ht, mmx, 3dnowpref, sse, sse2, sse3, ssse3, sse4.1, sse4.2, popcnt, lzcnt, tsc, tscinvbit, avx, avx2, aes, erms, clmul, bmi1, bmi2, adx, avx512f, avx512dq, avx512cd, avx512bw, avx512vl, sha, fma, vzeroupper, avx512_vpopcntdq, avx512_vpclmulqdq, avx512_vaes, avx512_vnni, clflush, clflushopt, clwb, avx512_vbmi2, avx512_vbmi, hv
Processor Information for all 8 processors :
  Max Mhz: 2419, Current Mhz: 2419, Mhz Limit: 2419

Memory: 4k page, system-wide physical 16064M (4935M free)
TotalPageFile size 22464M (AvailPageFile size 5336M)
current process WorkingSet (physical memory assigned to process): 84M, peak: 84M
current process commit charge ("private bytes"): 372M, peak: 372M

vm_info: OpenJDK 64-Bit Server VM (17.0.9+9-jvmci-23.0-b22) for windows-amd64 JRE (17.0.9+9-jvmci-23.0-b22), built on Oct 18 2023 02:18:43 by "" with MS VC++ 17.1 (VS2022)

END.
